app/build/intermediates/manifest_merge_blame_file/debug/manifest-merger-blame-debug-report.txt
1<?xml version="1.0" encoding="utf-8"?>
2<manifest xmlns:android="http://schemas.android.com/apk/res/android"
3    package="com.example.foodyghar"
4    android:versionCode="1"
5    android:versionName="1.0" >
6
7    <uses-sdk
8        android:minSdkVersion="26"
8-->src\main\AndroidManifest.xml
9        android:targetSdkVersion="30" />
9-->src\main\AndroidManifest.xml
10    <!--
11         The ACCESS_COARSE/FINE_LOCATION permissions are not required to use
12         Google Maps Android API v2, but you must specify either coarse or fine
13         location permissions for the "MyLocation" functionality.
14    -->
15    <uses-permission android:name="android.permission.INTERNET" />
15-->src\main\AndroidManifest.xml:10:5-67
15-->src\main\AndroidManifest.xml:10:22-64
16    <uses-permission android:name="android.permission.WRITE_EXTERNAL_STORAGE" />
16-->src\main\AndroidManifest.xml:11:5-81
16-->src\main\AndroidManifest.xml:11:22-78
17    <uses-permission android:name="android.permission.READ_EXTERNAL_STORAGE" />
17-->src\main\AndroidManifest.xml:12:5-80
17-->src\main\AndroidManifest.xml:12:22-77
18    <uses-permission android:name="android.permission.SEND_SMS" />
18-->src\main\AndroidManifest.xml:13:5-67
18-->src\main\AndroidManifest.xml:13:22-64
19    <uses-permission android:name="android.permission.READ_SMS" />
19-->src\main\AndroidManifest.xml:14:5-67
19-->src\main\AndroidManifest.xml:14:22-64
20    <uses-permission android:name="android.permission.READ_CONTACTS" />
20-->src\main\AndroidManifest.xml:15:5-72
20-->src\main\AndroidManifest.xml:15:22-69
21    <uses-permission android:name="android.permission.ACCESS_FINE_LOCATION" />
21-->src\main\AndroidManifest.xml:16:5-79
21-->src\main\AndroidManifest.xml:16:22-76
22    <uses-permission android:name="android.permission.ACCESS_COARSE_LOCATION" />
22-->src\main\AndroidManifest.xml:17:5-81
22-->src\main\AndroidManifest.xml:17:22-78
23    <uses-permission android:name="android.permission.CALL_PHONE" />
23-->src\main\AndroidManifest.xml:18:5-69
23-->src\main\AndroidManifest.xml:18:22-66
24
25    <queries>
25-->[com.razorpay:checkout:1.6.18] AndroidManifest.xml:11:5-37:15
26        <intent>
26-->[com.razorpay:checkout:1.6.18] AndroidManifest.xml:12:9-18:18
27            <action android:name="android.intent.action.VIEW" />
27-->[com.razorpay:checkout:1.6.18] AndroidManifest.xml:13:13-65
27-->[com.razorpay:checkout:1.6.18] AndroidManifest.xml:13:21-62
28
29            <data
29-->[com.razorpay:checkout:1.6.18] AndroidManifest.xml:15:13-17:38
30                android:mimeType="*/*"
30-->[com.razorpay:checkout:1.6.18] AndroidManifest.xml:16:17-39
31                android:scheme="*" />
31-->[com.razorpay:checkout:1.6.18] AndroidManifest.xml:17:17-35
32        </intent>
33        <intent>
33-->[com.razorpay:checkout:1.6.18] AndroidManifest.xml:19:9-28:18
34            <action android:name="android.intent.action.VIEW" />
34-->[com.razorpay:checkout:1.6.18] AndroidManifest.xml:13:13-65
34-->[com.razorpay:checkout:1.6.18] AndroidManifest.xml:13:21-62
35
36            <category android:name="android.intent.category.BROWSABLE" />
36-->[com.razorpay:checkout:1.6.18] AndroidManifest.xml:22:13-74
36-->[com.razorpay:checkout:1.6.18] AndroidManifest.xml:22:23-71
37
38            <data
38-->[com.razorpay:checkout:1.6.18] AndroidManifest.xml:15:13-17:38
39                android:host="pay"
40                android:mimeType="*/*"
40-->[com.razorpay:checkout:1.6.18] AndroidManifest.xml:16:17-39
41                android:scheme="upi" />
41-->[com.razorpay:checkout:1.6.18] AndroidManifest.xml:17:17-35
42        </intent>
43        <intent>
43-->[com.razorpay:checkout:1.6.18] AndroidManifest.xml:29:9-31:18
44            <action android:name="android.intent.action.MAIN" />
44-->src\main\AndroidManifest.xml:59:17-69
44-->src\main\AndroidManifest.xml:59:25-66
45        </intent>
46        <intent>
46-->[com.razorpay:checkout:1.6.18] AndroidManifest.xml:32:9-36:18
47            <action android:name="android.intent.action.SEND" />
47-->[com.razorpay:checkout:1.6.18] AndroidManifest.xml:33:13-65
47-->[com.razorpay:checkout:1.6.18] AndroidManifest.xml:33:21-62
48
49            <data android:mimeType="*/*" />
49-->[com.razorpay:checkout:1.6.18] AndroidManifest.xml:15:13-17:38
49-->[com.razorpay:checkout:1.6.18] AndroidManifest.xml:16:17-39
50        </intent>
51        <!-- Needs to be explicitly declared on Android R+ -->
52        <package android:name="com.google.android.apps.maps" />
52-->[com.google.android.gms:play-services-maps:18.0.2] AndroidManifest.xml:33:9-64
52-->[com.google.android.gms:play-services-maps:18.0.2] AndroidManifest.xml:33:18-61
53    </queries> <!-- Include required permissions for Google Maps API to run. -->
54    <uses-permission android:name="android.permission.ACCESS_NETWORK_STATE" />
54-->[com.google.android.gms:play-services-maps:18.0.2] AndroidManifest.xml:23:5-79
54-->[com.google.android.gms:play-services-maps:18.0.2] AndroidManifest.xml:23:22-76
55
56    <uses-feature
56-->[com.google.android.gms:play-services-maps:18.0.2] AndroidManifest.xml:26:5-28:35
57        android:glEsVersion="0x00020000"
57-->[com.google.android.gms:play-services-maps:18.0.2] AndroidManifest.xml:27:9-41
58        android:required="true" />
58-->[com.google.android.gms:play-services-maps:18.0.2] AndroidManifest.xml:28:9-32
59
60    <uses-permission android:name="android.permission.WAKE_LOCK" />
60-->[com.google.android.gms:play-services-measurement-api:20.1.1] AndroidManifest.xml:24:5-68
60-->[com.google.android.gms:play-services-measurement-api:20.1.1] AndroidManifest.xml:24:22-65
61    <uses-permission android:name="com.google.android.gms.permission.AD_ID" />
61-->[com.google.android.gms:play-services-measurement-api:20.1.1] AndroidManifest.xml:25:5-79
61-->[com.google.android.gms:play-services-measurement-api:20.1.1] AndroidManifest.xml:25:22-76
62    <uses-permission android:name="com.google.android.finsky.permission.BIND_GET_INSTALL_REFERRER_SERVICE" />
62-->[com.google.android.gms:play-services-measurement:20.1.1] AndroidManifest.xml:26:5-110
62-->[com.google.android.gms:play-services-measurement:20.1.1] AndroidManifest.xml:26:22-107
63
64    <application
64-->src\main\AndroidManifest.xml:20:5-95:19
65        android:allowBackup="true"
65-->src\main\AndroidManifest.xml:21:9-35
66        android:appComponentFactory="androidx.core.app.CoreComponentFactory"
66-->[androidx.core:core:1.7.0] AndroidManifest.xml:24:18-86
67        android:debuggable="true"
68        android:extractNativeLibs="false"
69        android:icon="@drawable/logo"
69-->src\main\AndroidManifest.xml:22:9-38
70        android:label="FoodyGhar"
70-->src\main\AndroidManifest.xml:23:9-34
71        android:supportsRtl="true"
71-->src\main\AndroidManifest.xml:24:9-35
72        android:testOnly="true"
73        android:theme="@style/Theme.OnlinedbRegistration" >
73-->src\main\AndroidManifest.xml:25:9-58
74        <activity
74-->src\main\AndroidManifest.xml:27:9-29:40
75            android:name="com.example.foodyghar.Payment_successfully_menu"
75-->src\main\AndroidManifest.xml:28:13-54
76            android:exported="false" />
76-->src\main\AndroidManifest.xml:29:13-37
77        <activity
77-->src\main\AndroidManifest.xml:30:9-32:40
78            android:name="com.example.foodyghar.AboutCallPage"
78-->src\main\AndroidManifest.xml:31:13-42
79            android:exported="false" />
79-->src\main\AndroidManifest.xml:32:13-37
80
81        <meta-data
81-->src\main\AndroidManifest.xml:34:9-36:55
82            android:name="com.google.android.geo.API_KEY"
82-->src\main\AndroidManifest.xml:35:13-58
83            android:value="@string/google_maps_key" />
83-->src\main\AndroidManifest.xml:36:13-52
84
85        <activity
85-->src\main\AndroidManifest.xml:38:9-40:39
86            android:name="com.example.foodyghar.Appinfo"
86-->src\main\AndroidManifest.xml:39:13-36
87            android:exported="true" />
87-->src\main\AndroidManifest.xml:40:13-36
88        <activity
88-->src\main\AndroidManifest.xml:41:9-43:40
89            android:name="com.example.foodyghar.TandC"
89-->src\main\AndroidManifest.xml:42:13-34
90            android:exported="false" />
90-->src\main\AndroidManifest.xml:43:13-37
91        <activity
91-->src\main\AndroidManifest.xml:44:9-46:40
92            android:name="com.example.foodyghar.Faq"
92-->src\main\AndroidManifest.xml:45:13-32
93            android:exported="false" />
93-->src\main\AndroidManifest.xml:46:13-37
94        <activity
94-->src\main\AndroidManifest.xml:47:9-49:39
95            android:name="com.example.foodyghar.VerifyPhoneNo"
95-->src\main\AndroidManifest.xml:48:13-42
96            android:exported="true" />
96-->src\main\AndroidManifest.xml:49:13-36
97        <activity
97-->src\main\AndroidManifest.xml:50:9-54:58
98            android:name="com.example.foodyghar.Homepage"
98-->src\main\AndroidManifest.xml:51:13-37
99            android:exported="true"
99-->src\main\AndroidManifest.xml:52:13-36
100            android:screenOrientation="portrait"
100-->src\main\AndroidManifest.xml:53:13-49
101            android:windowSoftInputMode="adjustResize" />
101-->src\main\AndroidManifest.xml:54:13-55
102        <activity
102-->src\main\AndroidManifest.xml:55:9-63:20
103            android:name="com.example.foodyghar.splashscrn"
103-->src\main\AndroidManifest.xml:56:13-39
104            android:exported="true" >
104-->src\main\AndroidManifest.xml:57:13-36
105            <intent-filter>
105-->src\main\AndroidManifest.xml:58:13-62:29
106                <action android:name="android.intent.action.MAIN" />
106-->src\main\AndroidManifest.xml:59:17-69
106-->src\main\AndroidManifest.xml:59:25-66
107
108                <category android:name="android.intent.category.LAUNCHER" />
108-->src\main\AndroidManifest.xml:61:17-77
108-->src\main\AndroidManifest.xml:61:27-74
109            </intent-filter>
110        </activity>
111        <activity
111-->src\main\AndroidManifest.xml:64:9-66:39
112            android:name="com.example.foodyghar.Tab_Home_booking2"
112-->src\main\AndroidManifest.xml:65:13-46
113            android:exported="true" />
113-->src\main\AndroidManifest.xml:66:13-36
114        <activity
114-->src\main\AndroidManifest.xml:67:9-69:39
115            android:name="com.example.foodyghar.Tab_home_tblbook_confirm"
115-->src\main\AndroidManifest.xml:68:13-53
116            android:exported="true" />
116-->src\main\AndroidManifest.xml:69:13-36
117        <activity
117-->src\main\AndroidManifest.xml:70:9-73:52
118            android:name="com.example.foodyghar.Tab_menu_details"
118-->src\main\AndroidManifest.xml:71:13-45
119            android:exported="true"
119-->src\main\AndroidManifest.xml:72:13-36
120            android:screenOrientation="portrait" />
120-->src\main\AndroidManifest.xml:73:13-49
121        <activity
121-->src\main\AndroidManifest.xml:74:9-77:52
122            android:name="com.example.foodyghar.Tab_Menu_AddtoCart"
122-->src\main\AndroidManifest.xml:75:13-47
123            android:exported="true"
123-->src\main\AndroidManifest.xml:76:13-36
124            android:screenOrientation="portrait" />
124-->src\main\AndroidManifest.xml:77:13-49
125        <activity
125-->src\main\AndroidManifest.xml:78:9-80:39
126            android:name="com.example.foodyghar.Confirm_Password"
126-->src\main\AndroidManifest.xml:79:13-45
127            android:exported="true" />
127-->src\main\AndroidManifest.xml:80:13-36
128        <activity
128-->src\main\AndroidManifest.xml:81:9-83:39
129            android:name="com.example.foodyghar.forget_password"
129-->src\main\AndroidManifest.xml:82:13-44
130            android:exported="true" />
130-->src\main\AndroidManifest.xml:83:13-36
131        <activity
131-->src\main\AndroidManifest.xml:84:9-86:39
132            android:name="com.example.foodyghar.Login"
132-->src\main\AndroidManifest.xml:85:13-34
133            android:exported="true" />
133-->src\main\AndroidManifest.xml:86:13-36
134        <activity
134-->src\main\AndroidManifest.xml:87:9-89:39
135            android:name="com.example.foodyghar.Registration"
135-->src\main\AndroidManifest.xml:88:13-41
136            android:exported="true" />
136-->src\main\AndroidManifest.xml:89:13-36
137        <activity android:name="com.example.foodyghar.Order_Details" />
137-->src\main\AndroidManifest.xml:90:9-51
137-->src\main\AndroidManifest.xml:90:19-48
138        <activity
138-->src\main\AndroidManifest.xml:91:9-93:38
139            android:name="com.example.foodyghar.Payment_successfully"
139-->src\main\AndroidManifest.xml:92:13-49
140            android:exported="true" />
140-->src\main\AndroidManifest.xml:93:13-36
141
142        <receiver
142-->[com.razorpay:checkout:1.6.18] AndroidManifest.xml:40:9-46:20
143            android:name="com.razorpay.RzpTokenReceiver"
143-->[com.razorpay:checkout:1.6.18] AndroidManifest.xml:41:13-57
144            android:exported="false" >
144-->[com.razorpay:checkout:1.6.18] AndroidManifest.xml:42:13-37
145            <intent-filter>
145-->[com.razorpay:checkout:1.6.18] AndroidManifest.xml:43:13-45:29
146                <action android:name="rzp.device_token.share" />
146-->[com.razorpay:checkout:1.6.18] AndroidManifest.xml:44:17-65
146-->[com.razorpay:checkout:1.6.18] AndroidManifest.xml:44:25-62
147            </intent-filter>
148        </receiver>
149
150        <activity
150-->[com.razorpay:checkout:1.6.18] AndroidManifest.xml:48:9-60:20
151            android:name="com.razorpay.CheckoutActivity"
151-->[com.razorpay:checkout:1.6.18] AndroidManifest.xml:49:13-57
152            android:configChanges="keyboard|keyboardHidden|orientation|screenSize"
152-->[com.razorpay:checkout:1.6.18] AndroidManifest.xml:50:13-83
153            android:exported="true"
153-->[com.razorpay:checkout:1.6.18] AndroidManifest.xml:51:13-36
154            android:theme="@style/CheckoutTheme" >
154-->[com.razorpay:checkout:1.6.18] AndroidManifest.xml:52:13-49
155            <intent-filter>
155-->[com.razorpay:checkout:1.6.18] AndroidManifest.xml:53:13-59:29
156                <action android:name="android.intent.action.MAIN" />
156-->src\main\AndroidManifest.xml:59:17-69
156-->src\main\AndroidManifest.xml:59:25-66
157
158                <data
158-->[com.razorpay:checkout:1.6.18] AndroidManifest.xml:15:13-17:38
159                    android:host="rzp.io"
160                    android:scheme="io.rzp" />
160-->[com.razorpay:checkout:1.6.18] AndroidManifest.xml:17:17-35
161            </intent-filter>
162        </activity>
163
164        <meta-data
164-->[com.razorpay:checkout:1.6.18] AndroidManifest.xml:62:9-64:58
165            android:name="com.razorpay.plugin.googlepay_all"
165-->[com.razorpay:checkout:1.6.18] AndroidManifest.xml:63:13-61
166            android:value="com.razorpay.RzpGpayMerged" /> <!-- Needs to be explicitly declared on P+ -->
166-->[com.razorpay:checkout:1.6.18] AndroidManifest.xml:64:13-55
167        <uses-library
167-->[com.google.android.gms:play-services-maps:18.0.2] AndroidManifest.xml:39:9-41:40
168            android:name="org.apache.http.legacy"
168-->[com.google.android.gms:play-services-maps:18.0.2] AndroidManifest.xml:40:13-50
169            android:required="false" />
169-->[com.google.android.gms:play-services-maps:18.0.2] AndroidManifest.xml:41:13-37
170
171        <provider
171-->[com.squareup.picasso:picasso:2.71828] AndroidManifest.xml:8:9-11:40
172            android:name="com.squareup.picasso.PicassoProvider"
172-->[com.squareup.picasso:picasso:2.71828] AndroidManifest.xml:9:13-64
173            android:authorities="com.example.foodyghar.com.squareup.picasso"
173-->[com.squareup.picasso:picasso:2.71828] AndroidManifest.xml:10:13-72
174            android:exported="false" />
174-->[com.squareup.picasso:picasso:2.71828] AndroidManifest.xml:11:13-37
175
176        <activity
176-->[com.google.firebase:firebase-auth:21.0.2] AndroidManifest.xml:27:9-44:20
177            android:name="com.google.firebase.auth.internal.GenericIdpActivity"
177-->[com.google.firebase:firebase-auth:21.0.2] AndroidManifest.xml:28:13-80
178            android:excludeFromRecents="true"
178-->[com.google.firebase:firebase-auth:21.0.2] AndroidManifest.xml:29:13-46
179            android:exported="true"
179-->[com.google.firebase:firebase-auth:21.0.2] AndroidManifest.xml:30:13-36
180            android:launchMode="singleTask"
180-->[com.google.firebase:firebase-auth:21.0.2] AndroidManifest.xml:31:13-44
181            android:theme="@android:style/Theme.Translucent.NoTitleBar" >
181-->[com.google.firebase:firebase-auth:21.0.2] AndroidManifest.xml:32:13-72
182            <intent-filter>
182-->[com.google.firebase:firebase-auth:21.0.2] AndroidManifest.xml:33:13-43:29
183                <action android:name="android.intent.action.VIEW" />
183-->[com.razorpay:checkout:1.6.18] AndroidManifest.xml:13:13-65
183-->[com.razorpay:checkout:1.6.18] AndroidManifest.xml:13:21-62
184
185                <category android:name="android.intent.category.DEFAULT" />
185-->[com.google.firebase:firebase-auth:21.0.2] AndroidManifest.xml:36:17-76
185-->[com.google.firebase:firebase-auth:21.0.2] AndroidManifest.xml:36:27-73
186                <category android:name="android.intent.category.BROWSABLE" />
186-->[com.razorpay:checkout:1.6.18] AndroidManifest.xml:22:13-74
186-->[com.razorpay:checkout:1.6.18] AndroidManifest.xml:22:23-71
187
188                <data
188-->[com.razorpay:checkout:1.6.18] AndroidManifest.xml:15:13-17:38
189                    android:host="firebase.auth"
190                    android:path="/"
191                    android:scheme="genericidp" />
191-->[com.razorpay:checkout:1.6.18] AndroidManifest.xml:17:17-35
192            </intent-filter>
193        </activity>
194        <activity
194-->[com.google.firebase:firebase-auth:21.0.2] AndroidManifest.xml:45:9-62:20
195            android:name="com.google.firebase.auth.internal.RecaptchaActivity"
195-->[com.google.firebase:firebase-auth:21.0.2] AndroidManifest.xml:46:13-79
196            android:excludeFromRecents="true"
196-->[com.google.firebase:firebase-auth:21.0.2] AndroidManifest.xml:47:13-46
197            android:exported="true"
197-->[com.google.firebase:firebase-auth:21.0.2] AndroidManifest.xml:48:13-36
198            android:launchMode="singleTask"
198-->[com.google.firebase:firebase-auth:21.0.2] AndroidManifest.xml:49:13-44
199            android:theme="@android:style/Theme.Translucent.NoTitleBar" >
199-->[com.google.firebase:firebase-auth:21.0.2] AndroidManifest.xml:50:13-72
200            <intent-filter>
200-->[com.google.firebase:firebase-auth:21.0.2] AndroidManifest.xml:51:13-61:29
201                <action android:name="android.intent.action.VIEW" />
201-->[com.razorpay:checkout:1.6.18] AndroidManifest.xml:13:13-65
201-->[com.razorpay:checkout:1.6.18] AndroidManifest.xml:13:21-62
202
203                <category android:name="android.intent.category.DEFAULT" />
203-->[com.google.firebase:firebase-auth:21.0.2] AndroidManifest.xml:36:17-76
203-->[com.google.firebase:firebase-auth:21.0.2] AndroidManifest.xml:36:27-73
204                <category android:name="android.intent.category.BROWSABLE" />
204-->[com.razorpay:checkout:1.6.18] AndroidManifest.xml:22:13-74
204-->[com.razorpay:checkout:1.6.18] AndroidManifest.xml:22:23-71
205
206                <data
206-->[com.razorpay:checkout:1.6.18] AndroidManifest.xml:15:13-17:38
207                    android:host="firebase.auth"
208                    android:path="/"
209                    android:scheme="recaptcha" />
209-->[com.razorpay:checkout:1.6.18] AndroidManifest.xml:17:17-35
210            </intent-filter>
211        </activity>
212
213        <service
213-->[com.google.firebase:firebase-auth:21.0.2] AndroidManifest.xml:64:9-70:19
214            android:name="com.google.firebase.components.ComponentDiscoveryService"
214-->[com.google.firebase:firebase-auth:21.0.2] AndroidManifest.xml:65:13-84
215            android:directBootAware="true"
215-->[com.google.firebase:firebase-common:20.1.0] AndroidManifest.xml:35:13-43
216            android:exported="false" >
216-->[com.google.firebase:firebase-auth:21.0.2] AndroidManifest.xml:66:13-37
217            <meta-data
217-->[com.google.firebase:firebase-auth:21.0.2] AndroidManifest.xml:67:13-69:85
218                android:name="com.google.firebase.components:com.google.firebase.auth.FirebaseAuthRegistrar"
218-->[com.google.firebase:firebase-auth:21.0.2] AndroidManifest.xml:68:17-109
219                android:value="com.google.firebase.components.ComponentRegistrar" />
219-->[com.google.firebase:firebase-auth:21.0.2] AndroidManifest.xml:69:17-82
220            <meta-data
220-->[com.google.android.gms:play-services-measurement-api:20.1.1] AndroidManifest.xml:31:13-33:85
221                android:name="com.google.firebase.components:com.google.firebase.analytics.connector.internal.AnalyticsConnectorRegistrar"
221-->[com.google.android.gms:play-services-measurement-api:20.1.1] AndroidManifest.xml:32:17-139
222                android:value="com.google.firebase.components.ComponentRegistrar" />
222-->[com.google.android.gms:play-services-measurement-api:20.1.1] AndroidManifest.xml:33:17-82
223            <meta-data
223-->[com.google.firebase:firebase-installations:17.0.0] AndroidManifest.xml:18:13-20:85
224                android:name="com.google.firebase.components:com.google.firebase.installations.FirebaseInstallationsRegistrar"
224-->[com.google.firebase:firebase-installations:17.0.0] AndroidManifest.xml:19:17-127
225                android:value="com.google.firebase.components.ComponentRegistrar" />
225-->[com.google.firebase:firebase-installations:17.0.0] AndroidManifest.xml:20:17-82
226        </service>
227
228        <provider
228-->[com.google.firebase:firebase-common:20.1.0] AndroidManifest.xml:26:9-31:39
229            android:name="com.google.firebase.provider.FirebaseInitProvider"
229-->[com.google.firebase:firebase-common:20.1.0] AndroidManifest.xml:27:13-77
230            android:authorities="com.example.foodyghar.firebaseinitprovider"
230-->[com.google.firebase:firebase-common:20.1.0] AndroidManifest.xml:28:13-72
231            android:directBootAware="true"
231-->[com.google.firebase:firebase-common:20.1.0] AndroidManifest.xml:29:13-43
232            android:exported="false"
232-->[com.google.firebase:firebase-common:20.1.0] AndroidManifest.xml:30:13-37
233            android:initOrder="100" />
233-->[com.google.firebase:firebase-common:20.1.0] AndroidManifest.xml:31:13-36
234
235        <activity
235-->[com.google.android.gms:play-services-auth:17.0.0] AndroidManifest.xml:23:9-27:75
236            android:name="com.google.android.gms.auth.api.signin.internal.SignInHubActivity"
236-->[com.google.android.gms:play-services-auth:17.0.0] AndroidManifest.xml:24:13-93
237            android:excludeFromRecents="true"
237-->[com.google.android.gms:play-services-auth:17.0.0] AndroidManifest.xml:25:13-46
238            android:exported="false"
238-->[com.google.android.gms:play-services-auth:17.0.0] AndroidManifest.xml:26:13-37
239            android:theme="@android:style/Theme.Translucent.NoTitleBar" />
239-->[com.google.android.gms:play-services-auth:17.0.0] AndroidManifest.xml:27:13-72
240        <!--
241            Service handling Google Sign-In user revocation. For apps that do not integrate with
242            Google Sign-In, this service will never be started.
243        -->
244        <service
244-->[com.google.android.gms:play-services-auth:17.0.0] AndroidManifest.xml:33:9-36:110
245            android:name="com.google.android.gms.auth.api.signin.RevocationBoundService"
245-->[com.google.android.gms:play-services-auth:17.0.0] AndroidManifest.xml:34:13-89
246            android:exported="true"
246-->[com.google.android.gms:play-services-auth:17.0.0] AndroidManifest.xml:35:13-36
247            android:permission="com.google.android.gms.auth.api.signin.permission.REVOCATION_NOTIFICATION" />
247-->[com.google.android.gms:play-services-auth:17.0.0] AndroidManifest.xml:36:13-107
248
249        <activity
249-->[com.google.android.gms:play-services-base:18.0.1] AndroidManifest.xml:20:9-22:45
250            android:name="com.google.android.gms.common.api.GoogleApiActivity"
250-->[com.google.android.gms:play-services-base:18.0.1] AndroidManifest.xml:20:19-85
251            android:exported="false"
251-->[com.google.android.gms:play-services-base:18.0.1] AndroidManifest.xml:22:19-43
252            android:theme="@android:style/Theme.Translucent.NoTitleBar" />
252-->[com.google.android.gms:play-services-base:18.0.1] AndroidManifest.xml:21:19-78
253
254        <receiver
254-->[com.google.android.gms:play-services-measurement:20.1.1] AndroidManifest.xml:29:9-33:20
255            android:name="com.google.android.gms.measurement.AppMeasurementReceiver"
255-->[com.google.android.gms:play-services-measurement:20.1.1] AndroidManifest.xml:30:13-85
256            android:enabled="true"
256-->[com.google.android.gms:play-services-measurement:20.1.1] AndroidManifest.xml:31:13-35
257            android:exported="false" >
257-->[com.google.android.gms:play-services-measurement:20.1.1] AndroidManifest.xml:32:13-37
258        </receiver>
259
260        <service
260-->[com.google.android.gms:play-services-measurement:20.1.1] AndroidManifest.xml:35:9-38:40
261            android:name="com.google.android.gms.measurement.AppMeasurementService"
261-->[com.google.android.gms:play-services-measurement:20.1.1] AndroidManifest.xml:36:13-84
262            android:enabled="true"
262-->[com.google.android.gms:play-services-measurement:20.1.1] AndroidManifest.xml:37:13-35
263            android:exported="false" />
263-->[com.google.android.gms:play-services-measurement:20.1.1] AndroidManifest.xml:38:13-37
264        <service
264-->[com.google.android.gms:play-services-measurement:20.1.1] AndroidManifest.xml:39:9-43:72
265            android:name="com.google.android.gms.measurement.AppMeasurementJobService"
265-->[com.google.android.gms:play-services-measurement:20.1.1] AndroidManifest.xml:40:13-87
266            android:enabled="true"
266-->[com.google.android.gms:play-services-measurement:20.1.1] AndroidManifest.xml:41:13-35
267            android:exported="false"
267-->[com.google.android.gms:play-services-measurement:20.1.1] AndroidManifest.xml:42:13-37
268            android:permission="android.permission.BIND_JOB_SERVICE" />
268-->[com.google.android.gms:play-services-measurement:20.1.1] AndroidManifest.xml:43:13-69
269
270        <meta-data
270-->[com.google.android.gms:play-services-basement:18.0.0] AndroidManifest.xml:21:9-23:69
271            android:name="com.google.android.gms.version"
271-->[com.google.android.gms:play-services-basement:18.0.0] AndroidManifest.xml:22:13-58
272            android:value="@integer/google_play_services_version" />
272-->[com.google.android.gms:play-services-basement:18.0.0] AndroidManifest.xml:23:13-66
273
274        <provider
274-->[androidx.emoji2:emoji2:1.0.0] AndroidManifest.xml:26:9-34:20
275            android:name="androidx.startup.InitializationProvider"
275-->[androidx.emoji2:emoji2:1.0.0] AndroidManifest.xml:27:13-67
276            android:authorities="com.example.foodyghar.androidx-startup"
276-->[androidx.emoji2:emoji2:1.0.0] AndroidManifest.xml:28:13-68
277            android:exported="false" >
277-->[androidx.emoji2:emoji2:1.0.0] AndroidManifest.xml:29:13-37
278            <meta-data
278-->[androidx.emoji2:emoji2:1.0.0] AndroidManifest.xml:31:13-33:52
279                android:name="androidx.emoji2.text.EmojiCompatInitializer"
279-->[androidx.emoji2:emoji2:1.0.0] AndroidManifest.xml:32:17-75
280                android:value="androidx.startup" />
280-->[androidx.emoji2:emoji2:1.0.0] AndroidManifest.xml:33:17-49
281            <meta-data
281-->[androidx.lifecycle:lifecycle-process:2.4.0] AndroidManifest.xml:31:13-33:52
282                android:name="androidx.lifecycle.ProcessLifecycleInitializer"
282-->[androidx.lifecycle:lifecycle-process:2.4.0] AndroidManifest.xml:32:17-78
283                android:value="androidx.startup" />
283-->[androidx.lifecycle:lifecycle-process:2.4.0] AndroidManifest.xml:33:17-49
284        </provider>
285
286        <uses-library
286-->[androidx.window:window:1.0.0] AndroidManifest.xml:25:9-27:40
287            android:name="androidx.window.extensions"
287-->[androidx.window:window:1.0.0] AndroidManifest.xml:26:13-54
288            android:required="false" />
288-->[androidx.window:window:1.0.0] AndroidManifest.xml:27:13-37
289        <uses-library
289-->[androidx.window:window:1.0.0] AndroidManifest.xml:28:9-30:40
290            android:name="androidx.window.sidecar"
290-->[androidx.window:window:1.0.0] AndroidManifest.xml:29:13-51
291            android:required="false" />
291-->[androidx.window:window:1.0.0] AndroidManifest.xml:30:13-37
292    </application>
293
294</manifest>